[0.082s] DEBUG:colcon:Command line arguments: ['/usr/bin/colcon', 'list', '-p', '--base-paths', '/home/azizi_/autonomous_vehicle']
[0.082s] DEBUG:colcon:Parsed command line arguments: Namespace(log_base=None, log_level=None, verb_name='list', build_base='build', ignore_user_meta=False, metas=['./colcon.meta'], base_paths=['/home/azizi_/autonomous_vehicle'], packages_ignore=None, packages_ignore_regex=None, paths=None, packages_up_to=None, packages_up_to_regex=None, packages_above=None, packages_above_and_dependencies=None, packages_above_depth=None, packages_select_by_dep=None, packages_skip_by_dep=None, packages_skip_up_to=None, packages_select_build_failed=False, packages_skip_build_finished=False, packages_select_test_failures=False, packages_skip_test_passed=False, packages_select=None, packages_skip=None, packages_select_regex=None, packages_skip_regex=None, packages_start=None, packages_end=None, allow_overriding=[], topological_order=False, names_only=False, paths_only=True, topological_graph=False, topological_graph_dot=False, topological_graph_density=False, topological_graph_legend=False, topological_graph_dot_cluster=False, topological_graph_dot_include_skipped=False, mixin_files=None, mixin=None, verb_parser=<colcon_mixin.mixin.mixin_argument.MixinArgumentDecorator object at 0x79aa16f65ea0>, verb_extension=<colcon_package_information.verb.list.ListVerb object at 0x79aa16f65b10>, main=<bound method ListVerb.main of <colcon_package_information.verb.list.ListVerb object at 0x79aa16f65b10>>, mixin_verb=('list',))
[0.222s] Level 1:colcon.colcon_core.package_discovery:discover_packages(colcon_meta) check parameters
[0.222s] Level 1:colcon.colcon_core.package_discovery:discover_packages(recursive) check parameters
[0.222s] Level 1:colcon.colcon_core.package_discovery:discover_packages(ignore) check parameters
[0.222s] Level 1:colcon.colcon_core.package_discovery:discover_packages(path) check parameters
[0.222s] Level 1:colcon.colcon_core.package_discovery:discover_packages(recursive) discover
[0.222s] INFO:colcon.colcon_core.package_discovery:Crawling recursively for packages in '/home/azizi_/autonomous_vehicle'
[0.223s] Level 1:colcon.colcon_core.package_identification:_identify(/home/azizi_/autonomous_vehicle) by extensions ['ignore', 'ignore_ament_install']
[0.223s] Level 1:colcon.colcon_core.package_identification:_identify(/home/azizi_/autonomous_vehicle) by extension 'ignore'
[0.223s] Level 1:colcon.colcon_core.package_identification:_identify(/home/azizi_/autonomous_vehicle) by extension 'ignore_ament_install'
[0.223s] Level 1:colcon.colcon_core.package_identification:_identify(/home/azizi_/autonomous_vehicle) by extensions ['colcon_pkg']
[0.223s] Level 1:colcon.colcon_core.package_identification:_identify(/home/azizi_/autonomous_vehicle) by extension 'colcon_pkg'
[0.223s] Level 1:colcon.colcon_core.package_identification:_identify(/home/azizi_/autonomous_vehicle) by extensions ['colcon_meta']
[0.223s] Level 1:colcon.colcon_core.package_identification:_identify(/home/azizi_/autonomous_vehicle) by extension 'colcon_meta'
[0.223s] Level 1:colcon.colcon_core.package_identification:_identify(/home/azizi_/autonomous_vehicle) by extensions ['ros']
[0.223s] Level 1:colcon.colcon_core.package_identification:_identify(/home/azizi_/autonomous_vehicle) by extension 'ros'
[0.238s] Level 1:colcon.colcon_core.package_identification:_identify(/home/azizi_/autonomous_vehicle) by extensions ['cmake', 'python']
[0.238s] Level 1:colcon.colcon_core.package_identification:_identify(/home/azizi_/autonomous_vehicle) by extension 'cmake'
[0.238s] Level 1:colcon.colcon_core.package_identification:_identify(/home/azizi_/autonomous_vehicle) by extension 'python'
[0.238s] Level 1:colcon.colcon_core.package_identification:_identify(/home/azizi_/autonomous_vehicle) by extensions ['python_setup_py']
[0.238s] Level 1:colcon.colcon_core.package_identification:_identify(/home/azizi_/autonomous_vehicle) by extension 'python_setup_py'
[0.238s] Level 1:colcon.colcon_core.package_identification:_identify(/home/azizi_/autonomous_vehicle/log) by extensions ['ignore', 'ignore_ament_install']
[0.238s] Level 1:colcon.colcon_core.package_identification:_identify(/home/azizi_/autonomous_vehicle/log) by extension 'ignore'
[0.238s] Level 1:colcon.colcon_core.package_identification:_identify(/home/azizi_/autonomous_vehicle/log) ignored
[0.238s] Level 1:colcon.colcon_core.package_identification:_identify(/home/azizi_/autonomous_vehicle/src) by extensions ['ignore', 'ignore_ament_install']
[0.238s] Level 1:colcon.colcon_core.package_identification:_identify(/home/azizi_/autonomous_vehicle/src) by extension 'ignore'
[0.238s] Level 1:colcon.colcon_core.package_identification:_identify(/home/azizi_/autonomous_vehicle/src) by extension 'ignore_ament_install'
[0.238s] Level 1:colcon.colcon_core.package_identification:_identify(/home/azizi_/autonomous_vehicle/src) by extensions ['colcon_pkg']
[0.238s] Level 1:colcon.colcon_core.package_identification:_identify(/home/azizi_/autonomous_vehicle/src) by extension 'colcon_pkg'
[0.238s] Level 1:colcon.colcon_core.package_identification:_identify(/home/azizi_/autonomous_vehicle/src) by extensions ['colcon_meta']
[0.238s] Level 1:colcon.colcon_core.package_identification:_identify(/home/azizi_/autonomous_vehicle/src) by extension 'colcon_meta'
[0.239s] Level 1:colcon.colcon_core.package_identification:_identify(/home/azizi_/autonomous_vehicle/src) by extensions ['ros']
[0.239s] Level 1:colcon.colcon_core.package_identification:_identify(/home/azizi_/autonomous_vehicle/src) by extension 'ros'
[0.239s] Level 1:colcon.colcon_core.package_identification:_identify(/home/azizi_/autonomous_vehicle/src) by extensions ['cmake', 'python']
[0.239s] Level 1:colcon.colcon_core.package_identification:_identify(/home/azizi_/autonomous_vehicle/src) by extension 'cmake'
[0.239s] Level 1:colcon.colcon_core.package_identification:_identify(/home/azizi_/autonomous_vehicle/src) by extension 'python'
[0.239s] Level 1:colcon.colcon_core.package_identification:_identify(/home/azizi_/autonomous_vehicle/src) by extensions ['python_setup_py']
[0.239s] Level 1:colcon.colcon_core.package_identification:_identify(/home/azizi_/autonomous_vehicle/src) by extension 'python_setup_py'
[0.239s] Level 1:colcon.colcon_core.package_identification:_identify(/home/azizi_/autonomous_vehicle/src/audibot) by extensions ['ignore', 'ignore_ament_install']
[0.239s] Level 1:colcon.colcon_core.package_identification:_identify(/home/azizi_/autonomous_vehicle/src/audibot) by extension 'ignore'
[0.239s] Level 1:colcon.colcon_core.package_identification:_identify(/home/azizi_/autonomous_vehicle/src/audibot) by extension 'ignore_ament_install'
[0.239s] Level 1:colcon.colcon_core.package_identification:_identify(/home/azizi_/autonomous_vehicle/src/audibot) by extensions ['colcon_pkg']
[0.239s] Level 1:colcon.colcon_core.package_identification:_identify(/home/azizi_/autonomous_vehicle/src/audibot) by extension 'colcon_pkg'
[0.239s] Level 1:colcon.colcon_core.package_identification:_identify(/home/azizi_/autonomous_vehicle/src/audibot) by extensions ['colcon_meta']
[0.239s] Level 1:colcon.colcon_core.package_identification:_identify(/home/azizi_/autonomous_vehicle/src/audibot) by extension 'colcon_meta'
[0.239s] Level 1:colcon.colcon_core.package_identification:_identify(/home/azizi_/autonomous_vehicle/src/audibot) by extensions ['ros']
[0.239s] Level 1:colcon.colcon_core.package_identification:_identify(/home/azizi_/autonomous_vehicle/src/audibot) by extension 'ros'
[0.241s] DEBUG:colcon.colcon_core.package_identification:Package '/home/azizi_/autonomous_vehicle/src/audibot' with type 'ros.ament_cmake' and name 'audibot'
[0.241s] Level 1:colcon.colcon_core.package_identification:_identify(/home/azizi_/autonomous_vehicle/src/audibot_description) by extensions ['ignore', 'ignore_ament_install']
[0.241s] Level 1:colcon.colcon_core.package_identification:_identify(/home/azizi_/autonomous_vehicle/src/audibot_description) by extension 'ignore'
[0.241s] Level 1:colcon.colcon_core.package_identification:_identify(/home/azizi_/autonomous_vehicle/src/audibot_description) by extension 'ignore_ament_install'
[0.241s] Level 1:colcon.colcon_core.package_identification:_identify(/home/azizi_/autonomous_vehicle/src/audibot_description) by extensions ['colcon_pkg']
[0.241s] Level 1:colcon.colcon_core.package_identification:_identify(/home/azizi_/autonomous_vehicle/src/audibot_description) by extension 'colcon_pkg'
[0.241s] Level 1:colcon.colcon_core.package_identification:_identify(/home/azizi_/autonomous_vehicle/src/audibot_description) by extensions ['colcon_meta']
[0.241s] Level 1:colcon.colcon_core.package_identification:_identify(/home/azizi_/autonomous_vehicle/src/audibot_description) by extension 'colcon_meta'
[0.241s] Level 1:colcon.colcon_core.package_identification:_identify(/home/azizi_/autonomous_vehicle/src/audibot_description) by extensions ['ros']
[0.241s] Level 1:colcon.colcon_core.package_identification:_identify(/home/azizi_/autonomous_vehicle/src/audibot_description) by extension 'ros'
[0.242s] DEBUG:colcon.colcon_core.package_identification:Package '/home/azizi_/autonomous_vehicle/src/audibot_description' with type 'ros.ament_cmake' and name 'audibot_description'
[0.242s] Level 1:colcon.colcon_core.package_identification:_identify(/home/azizi_/autonomous_vehicle/src/audibot_gazebo) by extensions ['ignore', 'ignore_ament_install']
[0.242s] Level 1:colcon.colcon_core.package_identification:_identify(/home/azizi_/autonomous_vehicle/src/audibot_gazebo) by extension 'ignore'
[0.242s] Level 1:colcon.colcon_core.package_identification:_identify(/home/azizi_/autonomous_vehicle/src/audibot_gazebo) by extension 'ignore_ament_install'
[0.242s] Level 1:colcon.colcon_core.package_identification:_identify(/home/azizi_/autonomous_vehicle/src/audibot_gazebo) by extensions ['colcon_pkg']
[0.242s] Level 1:colcon.colcon_core.package_identification:_identify(/home/azizi_/autonomous_vehicle/src/audibot_gazebo) by extension 'colcon_pkg'
[0.242s] Level 1:colcon.colcon_core.package_identification:_identify(/home/azizi_/autonomous_vehicle/src/audibot_gazebo) by extensions ['colcon_meta']
[0.242s] Level 1:colcon.colcon_core.package_identification:_identify(/home/azizi_/autonomous_vehicle/src/audibot_gazebo) by extension 'colcon_meta'
[0.242s] Level 1:colcon.colcon_core.package_identification:_identify(/home/azizi_/autonomous_vehicle/src/audibot_gazebo) by extensions ['ros']
[0.242s] Level 1:colcon.colcon_core.package_identification:_identify(/home/azizi_/autonomous_vehicle/src/audibot_gazebo) by extension 'ros'
[0.243s] DEBUG:colcon.colcon_core.package_identification:Package '/home/azizi_/autonomous_vehicle/src/audibot_gazebo' with type 'ros.ament_cmake' and name 'audibot_gazebo'
[0.243s] Level 1:colcon.colcon_core.package_identification:_identify(/home/azizi_/autonomous_vehicle/src/aws-robomaker-racetrack-world) by extensions ['ignore', 'ignore_ament_install']
[0.243s] Level 1:colcon.colcon_core.package_identification:_identify(/home/azizi_/autonomous_vehicle/src/aws-robomaker-racetrack-world) by extension 'ignore'
[0.243s] Level 1:colcon.colcon_core.package_identification:_identify(/home/azizi_/autonomous_vehicle/src/aws-robomaker-racetrack-world) by extension 'ignore_ament_install'
[0.243s] Level 1:colcon.colcon_core.package_identification:_identify(/home/azizi_/autonomous_vehicle/src/aws-robomaker-racetrack-world) by extensions ['colcon_pkg']
[0.243s] Level 1:colcon.colcon_core.package_identification:_identify(/home/azizi_/autonomous_vehicle/src/aws-robomaker-racetrack-world) by extension 'colcon_pkg'
[0.243s] Level 1:colcon.colcon_core.package_identification:_identify(/home/azizi_/autonomous_vehicle/src/aws-robomaker-racetrack-world) by extensions ['colcon_meta']
[0.243s] Level 1:colcon.colcon_core.package_identification:_identify(/home/azizi_/autonomous_vehicle/src/aws-robomaker-racetrack-world) by extension 'colcon_meta'
[0.243s] Level 1:colcon.colcon_core.package_identification:_identify(/home/azizi_/autonomous_vehicle/src/aws-robomaker-racetrack-world) by extensions ['ros']
[0.243s] Level 1:colcon.colcon_core.package_identification:_identify(/home/azizi_/autonomous_vehicle/src/aws-robomaker-racetrack-world) by extension 'ros'
[0.244s] DEBUG:colcon.colcon_core.package_identification:Package '/home/azizi_/autonomous_vehicle/src/aws-robomaker-racetrack-world' with type 'ros.ament_cmake' and name 'aws-robomaker-racetrack-world'
[0.244s] Level 1:colcon.colcon_core.package_identification:_identify(/home/azizi_/autonomous_vehicle/src/aws_audibot) by extensions ['ignore', 'ignore_ament_install']
[0.244s] Level 1:colcon.colcon_core.package_identification:_identify(/home/azizi_/autonomous_vehicle/src/aws_audibot) by extension 'ignore'
[0.244s] Level 1:colcon.colcon_core.package_identification:_identify(/home/azizi_/autonomous_vehicle/src/aws_audibot) by extension 'ignore_ament_install'
[0.244s] Level 1:colcon.colcon_core.package_identification:_identify(/home/azizi_/autonomous_vehicle/src/aws_audibot) by extensions ['colcon_pkg']
[0.244s] Level 1:colcon.colcon_core.package_identification:_identify(/home/azizi_/autonomous_vehicle/src/aws_audibot) by extension 'colcon_pkg'
[0.244s] Level 1:colcon.colcon_core.package_identification:_identify(/home/azizi_/autonomous_vehicle/src/aws_audibot) by extensions ['colcon_meta']
[0.244s] Level 1:colcon.colcon_core.package_identification:_identify(/home/azizi_/autonomous_vehicle/src/aws_audibot) by extension 'colcon_meta'
[0.244s] Level 1:colcon.colcon_core.package_identification:_identify(/home/azizi_/autonomous_vehicle/src/aws_audibot) by extensions ['ros']
[0.244s] Level 1:colcon.colcon_core.package_identification:_identify(/home/azizi_/autonomous_vehicle/src/aws_audibot) by extension 'ros'
[0.244s] DEBUG:colcon.colcon_core.package_identification:Package '/home/azizi_/autonomous_vehicle/src/aws_audibot' with type 'ros.ament_python' and name 'aws_audibot'
[0.244s] Level 1:colcon.colcon_core.package_identification:_identify(/home/azizi_/autonomous_vehicle/src/aws_audibot_controller) by extensions ['ignore', 'ignore_ament_install']
[0.245s] Level 1:colcon.colcon_core.package_identification:_identify(/home/azizi_/autonomous_vehicle/src/aws_audibot_controller) by extension 'ignore'
[0.245s] Level 1:colcon.colcon_core.package_identification:_identify(/home/azizi_/autonomous_vehicle/src/aws_audibot_controller) by extension 'ignore_ament_install'
[0.245s] Level 1:colcon.colcon_core.package_identification:_identify(/home/azizi_/autonomous_vehicle/src/aws_audibot_controller) by extensions ['colcon_pkg']
[0.245s] Level 1:colcon.colcon_core.package_identification:_identify(/home/azizi_/autonomous_vehicle/src/aws_audibot_controller) by extension 'colcon_pkg'
[0.245s] Level 1:colcon.colcon_core.package_identification:_identify(/home/azizi_/autonomous_vehicle/src/aws_audibot_controller) by extensions ['colcon_meta']
[0.245s] Level 1:colcon.colcon_core.package_identification:_identify(/home/azizi_/autonomous_vehicle/src/aws_audibot_controller) by extension 'colcon_meta'
[0.245s] Level 1:colcon.colcon_core.package_identification:_identify(/home/azizi_/autonomous_vehicle/src/aws_audibot_controller) by extensions ['ros']
[0.245s] Level 1:colcon.colcon_core.package_identification:_identify(/home/azizi_/autonomous_vehicle/src/aws_audibot_controller) by extension 'ros'
[0.245s] DEBUG:colcon.colcon_core.package_identification:Package '/home/azizi_/autonomous_vehicle/src/aws_audibot_controller' with type 'ros.ament_python' and name 'aws_audibot_controller'
[0.245s] Level 1:colcon.colcon_core.package_identification:_identify(/home/azizi_/autonomous_vehicle/src/ddqn_audibot) by extensions ['ignore', 'ignore_ament_install']
[0.245s] Level 1:colcon.colcon_core.package_identification:_identify(/home/azizi_/autonomous_vehicle/src/ddqn_audibot) by extension 'ignore'
[0.245s] Level 1:colcon.colcon_core.package_identification:_identify(/home/azizi_/autonomous_vehicle/src/ddqn_audibot) by extension 'ignore_ament_install'
[0.245s] Level 1:colcon.colcon_core.package_identification:_identify(/home/azizi_/autonomous_vehicle/src/ddqn_audibot) by extensions ['colcon_pkg']
[0.245s] Level 1:colcon.colcon_core.package_identification:_identify(/home/azizi_/autonomous_vehicle/src/ddqn_audibot) by extension 'colcon_pkg'
[0.245s] Level 1:colcon.colcon_core.package_identification:_identify(/home/azizi_/autonomous_vehicle/src/ddqn_audibot) by extensions ['colcon_meta']
[0.245s] Level 1:colcon.colcon_core.package_identification:_identify(/home/azizi_/autonomous_vehicle/src/ddqn_audibot) by extension 'colcon_meta'
[0.245s] Level 1:colcon.colcon_core.package_identification:_identify(/home/azizi_/autonomous_vehicle/src/ddqn_audibot) by extensions ['ros']
[0.245s] Level 1:colcon.colcon_core.package_identification:_identify(/home/azizi_/autonomous_vehicle/src/ddqn_audibot) by extension 'ros'
[0.246s] DEBUG:colcon.colcon_core.package_identification:Package '/home/azizi_/autonomous_vehicle/src/ddqn_audibot' with type 'ros.ament_python' and name 'ddqn_audibot'
[0.246s] Level 1:colcon.colcon_core.package_identification:_identify(/home/azizi_/autonomous_vehicle/src/ros2_img_threshold) by extensions ['ignore', 'ignore_ament_install']
[0.246s] Level 1:colcon.colcon_core.package_identification:_identify(/home/azizi_/autonomous_vehicle/src/ros2_img_threshold) by extension 'ignore'
[0.246s] Level 1:colcon.colcon_core.package_identification:_identify(/home/azizi_/autonomous_vehicle/src/ros2_img_threshold) by extension 'ignore_ament_install'
[0.246s] Level 1:colcon.colcon_core.package_identification:_identify(/home/azizi_/autonomous_vehicle/src/ros2_img_threshold) by extensions ['colcon_pkg']
[0.246s] Level 1:colcon.colcon_core.package_identification:_identify(/home/azizi_/autonomous_vehicle/src/ros2_img_threshold) by extension 'colcon_pkg'
[0.246s] Level 1:colcon.colcon_core.package_identification:_identify(/home/azizi_/autonomous_vehicle/src/ros2_img_threshold) by extensions ['colcon_meta']
[0.246s] Level 1:colcon.colcon_core.package_identification:_identify(/home/azizi_/autonomous_vehicle/src/ros2_img_threshold) by extension 'colcon_meta'
[0.247s] Level 1:colcon.colcon_core.package_identification:_identify(/home/azizi_/autonomous_vehicle/src/ros2_img_threshold) by extensions ['ros']
[0.247s] Level 1:colcon.colcon_core.package_identification:_identify(/home/azizi_/autonomous_vehicle/src/ros2_img_threshold) by extension 'ros'
[0.247s] DEBUG:colcon.colcon_core.package_identification:Package '/home/azizi_/autonomous_vehicle/src/ros2_img_threshold' with type 'ros.ament_cmake' and name 'ros2_img_threshold'
[0.247s] Level 1:colcon.colcon_core.package_discovery:discover_packages(recursive) using defaults
